find_executable: checking for pg_config... -------------------- no

--------------------

find_header: checking for libpq-fe.h... -------------------- no

"gcc -o conftest -I/home/carlos/.rvm/rubies/ruby-2.2.3/include/ruby-2.2.0/x86_64-linux -I/home/carlos/.rvm/rubies/ruby-2.2.3/include/ruby-2.2.0/ruby/backward -I/home/carlos/.rvm/rubies/ruby-2.2.3/include/ruby-2.2.0 -I.     -O3 -fno-fast-math -ggdb3 -Wall -Wextra -Wno-unused-parameter -Wno-parentheses -Wno-long-long -Wno-missing-field-initializers -Wunused-variable -Wpointer-arith -Wwrite-strings -Wdeclaration-after-statement -Wimplicit-function-declaration -Wdeprecated-declarations -Wno-packed-bitfield-compat  -fPIC conftest.c  -L. -L/home/carlos/.rvm/rubies/ruby-2.2.3/lib -Wl,-R/home/carlos/.rvm/rubies/ruby-2.2.3/lib -L. -fstack-protector -rdynamic -Wl,-export-dynamic     -Wl,-R/home/carlos/.rvm/rubies/ruby-2.2.3/lib -L/home/carlos/.rvm/rubies/ruby-2.2.3/lib -lruby  -lpthread -lgmp -ldl -lcrypt -lm   -lc"
checked program was:
/* begin */
1: #include "ruby.h"
2: 
3: int main(int argc, char **argv)
4: {
5:   return 0;
6: }
/* end */

"gcc -E -I/home/carlos/.rvm/rubies/ruby-2.2.3/include/ruby-2.2.0/x86_64-linux -I/home/carlos/.rvm/rubies/ruby-2.2.3/include/ruby-2.2.0/ruby/backward -I/home/carlos/.rvm/rubies/ruby-2.2.3/include/ruby-2.2.0 -I.     -O3 -fno-fast-math -ggdb3 -Wall -Wextra -Wno-unused-parameter -Wno-parentheses -Wno-long-long -Wno-missing-field-initializers -Wunused-variable -Wpointer-arith -Wwrite-strings -Wdeclaration-after-statement -Wimplicit-function-declaration -Wdeprecated-declarations -Wno-packed-bitfield-compat  -fPIC  conftest.c -o conftest.i"
conftest.c:3:22: fatal error: libpq-fe.h: No such file or directory
 #include <libpq-fe.h>
                      ^
compilation terminated.
checked program was:
/* begin */
1: #include "ruby.h"
2: 
3: #include <libpq-fe.h>
/* end */

--------------------

